mktextfm Vazirmatn
mktextfm Vazirmatn
mktextfm Vazirmatn
mktextfm Vazirmatn/BI
mktextfm Vazirmatn
mktextfm Vazirmatn/B
mktextfm Vazirmatn
mktextfm Vazirmatn/I
mktextfm Vazirmatn
mktextfm Vazirmatn
mktextfm Vazirmatn
mktextfm Vazirmatn
mktextfm Vazirmatn
mktextfm Vazirmatn
mktextfm Vazirmatn
mktextfm Vazirmatn
mktextfm Vazirmatn
mktextfm Vazirmatn
mktextfm Vazirmatn
mktextfm Vazirmatn
mktextfm Vazirmatn
mktextfm Vazirmatn
mktextfm Vazirmatn
mktextfm Vazirmatn
mktextfm Vazirmatn
mktextfm Vazirmatn
mktextfm Vazirmatn/BI
mktextfm Vazirmatn
mktextfm Vazirmatn/B
mktextfm Vazirmatn
mktextfm Vazirmatn/I
mktextfm Vazirmatn
mktextfm Vazirmatn
mktextfm Vazirmatn
mktextfm Vazirmatn
mktextfm Vazirmatn
mktextfm Vazirmatn
mktextfm Vazirmatn
mktextfm Vazirmatn
mktextfm Vazirmatn
mktextfm Vazirmatn
mktextfm Vazirmatn
mktextfm Vazirmatn
mktextfm Vazirmatn
mktextfm Vazirmatn
mktextfm Vazirmatn
mktextfm MyFont
mktextfm MyFont
mktextfm MyFont
mktextfm MyFont/BI
mktextfm MyFont
mktextfm MyFont/B
mktextfm MyFont
mktextfm MyFont/I
mktextfm MyFont
mktextfm MyFont
mktextfm MyFont
mktextfm MyFont
mktextfm MyFont
mktextfm MyFont
mktextfm MyFont
mktextfm MyFont
mktextfm MyFont
mktextfm MyFont
mktextfm MyFont
mktextfm MyFont
mktextfm MyFont
mktextfm MyFont
mktextfm MyFont
mktextfm HM_FZar/OT
mktextfm HM_FZar/OT
mktextfm HM_FZar/OT
mktextfm HM_FZar/B/OT
mktextfm HM_FZar/OT
mktextfm HM_FZar/OT
mktextfm HM_FZarIt/OT
mktextfm HM_FZarIt/OT
mktextfm HM_FZarOb/OT
mktextfm HM_FZarOb/OT
mktextfm HM_FZarBdIt/OT
mktextfm HM_FZarBdIt/OT
mktextfm HM_FZarObBd/OT
mktextfm HM_FZarObBd/OT
mktextfm HM_FZar/OT
mktextfm HM_FZar/OT
mktextfm HM_FZar/OT
mktextfm HM_FZar/OT
mktextfm HM_FZar/OT
mktextfm HM_FZar/OT
mktextfm HM_FZarIt/OT
mktextfm HM_FZarOb/OT
mktextfm HM_FZar/OT
mktextfm HM_FZar/OT
mktextfm HM_FZar/OT
mktextfm HM_FZar/OT
mktextfm HM_FZar/OT
mktextfm HM_FZar/OT
mktextfm HM_FZar/OT
mktextfm HM_FZar/OT
mktextfm HM_FZar/OT
mktextfm HM_FZar/B/OT
mktextfm HM_FZar/OT
mktextfm HM_FZar/OT
mktextfm HM_FZarIt/OT
mktextfm HM_FZarIt/OT
mktextfm HM_FZarBdIt/OT
mktextfm HM_FZarBdIt/OT
mktextfm HM_FZar/OT
mktextfm HM_FZar/OT
mktextfm HM_FZar/OT
mktextfm HM_FZar/OT
mktextfm HM_FZar/OT
mktextfm HM_FZar/OT
mktextfm HM_FZarIt/OT
mktextfm HM_FZarIt/OT
mktextfm nullfont
mktextfm HM_FZar/OT
mktextfm HM_FZar/OT
mktextfm HM_FZar/OT
mktextfm HM_FZar/OT
mktextfm HM_FZar/OT
mktextfm HM_FZar/OT
